2023-09-10 00:03:05.799 [main] INFO  c.a.s.s.a.s.d.b.BookstoreManagerApplication - Starting BookstoreManagerApplication on DESKTOP-EQ2LQMG with PID 14828 (D:\undergraduate\sofa-ark\arklet-springboot-demo\bookstore-manager\target\classes started by Administrator in D:\undergraduate\sofa-ark\arklet-springboot-demo)
2023-09-10 00:03:05.803 [main] INFO  c.a.s.s.a.s.d.b.BookstoreManagerApplication - No active profile set, falling back to default profiles: default
2023-09-10 00:03:07.188 [main] WARN  org.apache.catalina.core.StandardContext - A context path must either be an empty string or start with a '/' and do not end with a '/'. The path [/] does not meet these criteria and has been changed to []
2023-09-10 00:03:07.204 [main] INFO  o.s.boot.web.embedded.tomcat.TomcatWebServer - Tomcat initialized with port(s): 8080 (http)
2023-09-10 00:03:07.336 [main] INFO  org.apache.coyote.http11.Http11NioProtocol - Initializing ProtocolHandler ["http-nio-8080"]
2023-09-10 00:03:07.347 [main] INFO  org.apache.catalina.core.StandardService - Starting service [Tomcat]
2023-09-10 00:03:07.347 [main] INFO  org.apache.catalina.core.StandardEngine - Starting Servlet engine: [Apache Tomcat/9.0.46]
2023-09-10 00:03:07.596 [main] INFO  o.a.c.core.ContainerBase.[Tomcat].[localhost].[/] - Initializing Spring embedded WebApplicationContext
2023-09-10 00:03:07.597 [main] INFO  o.s.b.w.s.c.ServletWebServerApplicationContext - Root WebApplicationContext: initialization completed in 1747 ms
2023-09-10 00:03:07.901 [main] INFO  o.s.scheduling.concurrent.ThreadPoolTaskExecutor - Initializing ExecutorService 'applicationTaskExecutor'
2023-09-10 00:03:07.986 [main] INFO  o.s.b.a.web.servlet.WelcomePageHandlerMapping - Adding welcome page template: index
2023-09-10 00:03:08.035 [main] WARN  org.thymeleaf.templatemode.TemplateMode - [THYMELEAF][main] Template Mode 'HTML5' is deprecated. Using Template Mode 'HTML' instead.
2023-09-10 00:03:08.441 [nioEventLoopGroup-2-1] INFO  io.netty.handler.logging.LoggingHandler - [id: 0x309fa4c6] REGISTERED
2023-09-10 00:03:08.444 [nioEventLoopGroup-2-1] INFO  io.netty.handler.logging.LoggingHandler - [id: 0x309fa4c6] BIND: 0.0.0.0/0.0.0.0:1238
2023-09-10 00:03:08.446 [nioEventLoopGroup-2-1] INFO  io.netty.handler.logging.LoggingHandler - [id: 0x309fa4c6, L:/0:0:0:0:0:0:0:0:1238] ACTIVE
2023-09-10 00:03:09.277 [main] INFO  org.apache.coyote.http11.Http11NioProtocol - Starting ProtocolHandler ["http-nio-8080"]
2023-09-10 00:03:09.291 [main] INFO  o.s.boot.web.embedded.tomcat.TomcatWebServer - Tomcat started on port(s): 8080 (http) with context path ''
2023-09-10 00:03:09.355 [main] WARN  org.apache.tomcat.util.modeler.Registry - The MBean registry cannot be disabled because it has already been initialised
2023-09-10 00:03:09.359 [main] INFO  o.s.boot.web.embedded.tomcat.TomcatWebServer - Tomcat initialized with port(s): 8081 (http)
2023-09-10 00:03:09.361 [main] INFO  org.apache.coyote.http11.Http11NioProtocol - Initializing ProtocolHandler ["http-nio-8081"]
2023-09-10 00:03:09.361 [main] INFO  org.apache.catalina.core.StandardService - Starting service [Tomcat]
2023-09-10 00:03:09.361 [main] INFO  org.apache.catalina.core.StandardEngine - Starting Servlet engine: [Apache Tomcat/9.0.46]
2023-09-10 00:03:09.393 [main] INFO  o.a.c.core.ContainerBase.[Tomcat].[localhost].[/] - Initializing Spring embedded WebApplicationContext
2023-09-10 00:03:09.393 [main] INFO  o.s.b.w.s.c.ServletWebServerApplicationContext - Root WebApplicationContext: initialization completed in 98 ms
2023-09-10 00:03:09.407 [main] INFO  o.s.b.actuate.endpoint.web.EndpointLinksResolver - Exposing 18 endpoint(s) beneath base path ''
2023-09-10 00:03:09.447 [main] INFO  org.apache.coyote.http11.Http11NioProtocol - Starting ProtocolHandler ["http-nio-8081"]
2023-09-10 00:03:09.458 [main] INFO  o.s.boot.web.embedded.tomcat.TomcatWebServer - Tomcat started on port(s): 8081 (http) with context path ''
2023-09-10 00:03:09.531 [main] INFO  c.a.s.s.a.s.d.b.BookstoreManagerApplication - Started BookstoreManagerApplication in 7.908 seconds (JVM running for 12.779)
2023-09-10 00:03:17.013 [http-nio-8081-exec-2] INFO  o.a.c.core.ContainerBase.[Tomcat].[localhost].[/] - Initializing Spring DispatcherServlet 'dispatcherServlet'
2023-09-10 00:03:17.013 [http-nio-8081-exec-2] INFO  org.springframework.web.servlet.DispatcherServlet - Initializing Servlet 'dispatcherServlet'
2023-09-10 00:03:17.024 [http-nio-8081-exec-2] INFO  org.springframework.web.servlet.DispatcherServlet - Completed initialization in 10 ms
2023-09-10 01:26:56.683 [nioEventLoopGroup-2-1] INFO  io.netty.handler.logging.LoggingHandler - [id: 0x309fa4c6, L:/0:0:0:0:0:0:0:0:1238] CLOSE
2023-09-10 01:26:56.707 [nioEventLoopGroup-2-1] INFO  io.netty.handler.logging.LoggingHandler - [id: 0x309fa4c6, L:/0:0:0:0:0:0:0:0:1238] INACTIVE
2023-09-10 01:26:56.707 [nioEventLoopGroup-2-1] INFO  io.netty.handler.logging.LoggingHandler - [id: 0x309fa4c6, L:/0:0:0:0:0:0:0:0:1238] UNREGISTERED
2023-09-10 01:26:57.031 [SpringContextShutdownHook] INFO  o.s.scheduling.concurrent.ThreadPoolTaskExecutor - Shutting down ExecutorService 'applicationTaskExecutor'
2023-09-10 01:27:20.511 [main] INFO  c.a.s.s.a.s.d.b.BookstoreManagerApplication - Starting BookstoreManagerApplication on DESKTOP-EQ2LQMG with PID 5440 (D:\undergraduate\sofa-ark\arklet-springboot-demo\bookstore-manager\target\classes started by Administrator in D:\undergraduate\sofa-ark\arklet-springboot-demo)
2023-09-10 01:27:20.513 [main] INFO  c.a.s.s.a.s.d.b.BookstoreManagerApplication - No active profile set, falling back to default profiles: default
2023-09-10 01:27:22.308 [main] WARN  org.apache.catalina.core.StandardContext - A context path must either be an empty string or start with a '/' and do not end with a '/'. The path [/] does not meet these criteria and has been changed to []
2023-09-10 01:27:22.339 [main] INFO  o.s.boot.web.embedded.tomcat.TomcatWebServer - Tomcat initialized with port(s): 8080 (http)
2023-09-10 01:27:22.488 [main] INFO  org.apache.coyote.http11.Http11NioProtocol - Initializing ProtocolHandler ["http-nio-8080"]
2023-09-10 01:27:22.501 [main] INFO  org.apache.catalina.core.StandardService - Starting service [Tomcat]
2023-09-10 01:27:22.502 [main] INFO  org.apache.catalina.core.StandardEngine - Starting Servlet engine: [Apache Tomcat/9.0.46]
2023-09-10 01:27:22.820 [main] INFO  o.a.c.core.ContainerBase.[Tomcat].[localhost].[/] - Initializing Spring embedded WebApplicationContext
2023-09-10 01:27:22.820 [main] INFO  o.s.b.w.s.c.ServletWebServerApplicationContext - Root WebApplicationContext: initialization completed in 2253 ms
2023-09-10 01:27:23.184 [main] INFO  o.s.scheduling.concurrent.ThreadPoolTaskExecutor - Initializing ExecutorService 'applicationTaskExecutor'
2023-09-10 01:27:23.280 [main] INFO  o.s.b.a.web.servlet.WelcomePageHandlerMapping - Adding welcome page template: index
2023-09-10 01:27:23.432 [main] WARN  org.thymeleaf.templatemode.TemplateMode - [THYMELEAF][main] Template Mode 'HTML5' is deprecated. Using Template Mode 'HTML' instead.
2023-09-10 01:27:23.946 [nioEventLoopGroup-2-1] INFO  io.netty.handler.logging.LoggingHandler - [id: 0x2b1c8c7d] REGISTERED
2023-09-10 01:27:23.953 [nioEventLoopGroup-2-1] INFO  io.netty.handler.logging.LoggingHandler - [id: 0x2b1c8c7d] BIND: 0.0.0.0/0.0.0.0:1238
2023-09-10 01:27:23.956 [nioEventLoopGroup-2-1] INFO  io.netty.handler.logging.LoggingHandler - [id: 0x2b1c8c7d, L:/0:0:0:0:0:0:0:0:1238] ACTIVE
2023-09-10 01:27:24.752 [main] INFO  org.apache.coyote.http11.Http11NioProtocol - Starting ProtocolHandler ["http-nio-8080"]
2023-09-10 01:27:24.772 [main] INFO  o.s.boot.web.embedded.tomcat.TomcatWebServer - Tomcat started on port(s): 8080 (http) with context path ''
2023-09-10 01:27:24.858 [main] WARN  org.apache.tomcat.util.modeler.Registry - The MBean registry cannot be disabled because it has already been initialised
2023-09-10 01:27:24.863 [main] INFO  o.s.boot.web.embedded.tomcat.TomcatWebServer - Tomcat initialized with port(s): 8081 (http)
2023-09-10 01:27:24.865 [main] INFO  org.apache.coyote.http11.Http11NioProtocol - Initializing ProtocolHandler ["http-nio-8081"]
2023-09-10 01:27:24.866 [main] INFO  org.apache.catalina.core.StandardService - Starting service [Tomcat]
2023-09-10 01:27:24.866 [main] INFO  org.apache.catalina.core.StandardEngine - Starting Servlet engine: [Apache Tomcat/9.0.46]
2023-09-10 01:27:24.896 [main] INFO  o.a.c.core.ContainerBase.[Tomcat].[localhost].[/] - Initializing Spring embedded WebApplicationContext
2023-09-10 01:27:24.896 [main] INFO  o.s.b.w.s.c.ServletWebServerApplicationContext - Root WebApplicationContext: initialization completed in 120 ms
2023-09-10 01:27:24.911 [main] INFO  o.s.b.actuate.endpoint.web.EndpointLinksResolver - Exposing 18 endpoint(s) beneath base path ''
2023-09-10 01:27:24.955 [main] INFO  org.apache.coyote.http11.Http11NioProtocol - Starting ProtocolHandler ["http-nio-8081"]
2023-09-10 01:27:24.967 [main] INFO  o.s.boot.web.embedded.tomcat.TomcatWebServer - Tomcat started on port(s): 8081 (http) with context path ''
2023-09-10 01:27:25.028 [main] INFO  c.a.s.s.a.s.d.b.BookstoreManagerApplication - Started BookstoreManagerApplication in 11.829 seconds (JVM running for 14.016)
2023-09-10 01:27:35.038 [http-nio-8081-exec-2] INFO  o.a.c.core.ContainerBase.[Tomcat].[localhost].[/] - Initializing Spring DispatcherServlet 'dispatcherServlet'
2023-09-10 01:27:35.039 [http-nio-8081-exec-2] INFO  org.springframework.web.servlet.DispatcherServlet - Initializing Servlet 'dispatcherServlet'
2023-09-10 01:27:35.047 [http-nio-8081-exec-2] INFO  org.springframework.web.servlet.DispatcherServlet - Completed initialization in 8 ms
2023-09-10 01:30:29.334 [nioEventLoopGroup-2-1] INFO  io.netty.handler.logging.LoggingHandler - [id: 0x2b1c8c7d, L:/0:0:0:0:0:0:0:0:1238] CLOSE
2023-09-10 01:30:29.342 [nioEventLoopGroup-2-1] INFO  io.netty.handler.logging.LoggingHandler - [id: 0x2b1c8c7d, L:/0:0:0:0:0:0:0:0:1238] INACTIVE
2023-09-10 01:30:29.343 [nioEventLoopGroup-2-1] INFO  io.netty.handler.logging.LoggingHandler - [id: 0x2b1c8c7d, L:/0:0:0:0:0:0:0:0:1238] UNREGISTERED
2023-09-10 01:30:30.231 [SpringContextShutdownHook] INFO  o.s.scheduling.concurrent.ThreadPoolTaskExecutor - Shutting down ExecutorService 'applicationTaskExecutor'
2023-09-10 01:32:08.152 [main] INFO  c.a.s.s.a.s.d.b.BookstoreManagerApplication - Starting BookstoreManagerApplication on DESKTOP-EQ2LQMG with PID 12832 (D:\undergraduate\sofa-ark\arklet-springboot-demo\bookstore-manager\target\classes started by Administrator in D:\undergraduate\sofa-ark\arklet-springboot-demo)
2023-09-10 01:32:08.153 [main] INFO  c.a.s.s.a.s.d.b.BookstoreManagerApplication - No active profile set, falling back to default profiles: default
2023-09-10 01:32:09.874 [main] WARN  org.apache.catalina.core.StandardContext - A context path must either be an empty string or start with a '/' and do not end with a '/'. The path [/] does not meet these criteria and has been changed to []
2023-09-10 01:32:09.905 [main] INFO  o.s.boot.web.embedded.tomcat.TomcatWebServer - Tomcat initialized with port(s): 8080 (http)
2023-09-10 01:32:10.093 [main] INFO  org.apache.coyote.http11.Http11NioProtocol - Initializing ProtocolHandler ["http-nio-8080"]
2023-09-10 01:32:10.110 [main] INFO  org.apache.catalina.core.StandardService - Starting service [Tomcat]
2023-09-10 01:32:10.111 [main] INFO  org.apache.catalina.core.StandardEngine - Starting Servlet engine: [Apache Tomcat/9.0.46]
2023-09-10 01:32:10.377 [main] INFO  o.a.c.core.ContainerBase.[Tomcat].[localhost].[/] - Initializing Spring embedded WebApplicationContext
2023-09-10 01:32:10.377 [main] INFO  o.s.b.w.s.c.ServletWebServerApplicationContext - Root WebApplicationContext: initialization completed in 2169 ms
2023-09-10 01:32:10.787 [main] INFO  o.s.scheduling.concurrent.ThreadPoolTaskExecutor - Initializing ExecutorService 'applicationTaskExecutor'
2023-09-10 01:32:10.897 [main] INFO  o.s.b.a.web.servlet.WelcomePageHandlerMapping - Adding welcome page template: index
2023-09-10 01:32:10.962 [main] WARN  org.thymeleaf.templatemode.TemplateMode - [THYMELEAF][main] Template Mode 'HTML5' is deprecated. Using Template Mode 'HTML' instead.
2023-09-10 01:32:11.394 [nioEventLoopGroup-2-1] INFO  io.netty.handler.logging.LoggingHandler - [id: 0x0c88a64c] REGISTERED
2023-09-10 01:32:11.396 [nioEventLoopGroup-2-1] INFO  io.netty.handler.logging.LoggingHandler - [id: 0x0c88a64c] BIND: 0.0.0.0/0.0.0.0:1238
2023-09-10 01:32:11.399 [nioEventLoopGroup-2-1] INFO  io.netty.handler.logging.LoggingHandler - [id: 0x0c88a64c, L:/0:0:0:0:0:0:0:0:1238] ACTIVE
2023-09-10 01:32:12.237 [main] INFO  org.apache.coyote.http11.Http11NioProtocol - Starting ProtocolHandler ["http-nio-8080"]
2023-09-10 01:32:12.261 [main] INFO  o.s.boot.web.embedded.tomcat.TomcatWebServer - Tomcat started on port(s): 8080 (http) with context path ''
2023-09-10 01:32:12.352 [main] WARN  org.apache.tomcat.util.modeler.Registry - The MBean registry cannot be disabled because it has already been initialised
2023-09-10 01:32:12.357 [main] INFO  o.s.boot.web.embedded.tomcat.TomcatWebServer - Tomcat initialized with port(s): 8081 (http)
2023-09-10 01:32:12.358 [main] INFO  org.apache.coyote.http11.Http11NioProtocol - Initializing ProtocolHandler ["http-nio-8081"]
2023-09-10 01:32:12.359 [main] INFO  org.apache.catalina.core.StandardService - Starting service [Tomcat]
2023-09-10 01:32:12.359 [main] INFO  org.apache.catalina.core.StandardEngine - Starting Servlet engine: [Apache Tomcat/9.0.46]
2023-09-10 01:32:12.388 [main] INFO  o.a.c.core.ContainerBase.[Tomcat].[localhost].[/] - Initializing Spring embedded WebApplicationContext
2023-09-10 01:32:12.388 [main] INFO  o.s.b.w.s.c.ServletWebServerApplicationContext - Root WebApplicationContext: initialization completed in 121 ms
2023-09-10 01:32:12.403 [main] INFO  o.s.b.actuate.endpoint.web.EndpointLinksResolver - Exposing 18 endpoint(s) beneath base path ''
2023-09-10 01:32:12.450 [main] INFO  org.apache.coyote.http11.Http11NioProtocol - Starting ProtocolHandler ["http-nio-8081"]
2023-09-10 01:32:12.468 [main] INFO  o.s.boot.web.embedded.tomcat.TomcatWebServer - Tomcat started on port(s): 8081 (http) with context path ''
2023-09-10 01:32:12.565 [main] INFO  c.a.s.s.a.s.d.b.BookstoreManagerApplication - Started BookstoreManagerApplication in 9.401 seconds (JVM running for 16.211)
2023-09-10 01:32:26.302 [http-nio-8081-exec-2] INFO  o.a.c.core.ContainerBase.[Tomcat].[localhost].[/] - Initializing Spring DispatcherServlet 'dispatcherServlet'
2023-09-10 01:32:26.302 [http-nio-8081-exec-2] INFO  org.springframework.web.servlet.DispatcherServlet - Initializing Servlet 'dispatcherServlet'
2023-09-10 01:32:26.313 [http-nio-8081-exec-2] INFO  org.springframework.web.servlet.DispatcherServlet - Completed initialization in 10 ms
2023-09-10 01:37:36.099 [nioEventLoopGroup-2-1] INFO  io.netty.handler.logging.LoggingHandler - [id: 0x0c88a64c, L:/0:0:0:0:0:0:0:0:1238] CLOSE
2023-09-10 01:37:36.106 [nioEventLoopGroup-2-1] INFO  io.netty.handler.logging.LoggingHandler - [id: 0x0c88a64c, L:/0:0:0:0:0:0:0:0:1238] INACTIVE
2023-09-10 01:37:36.106 [nioEventLoopGroup-2-1] INFO  io.netty.handler.logging.LoggingHandler - [id: 0x0c88a64c, L:/0:0:0:0:0:0:0:0:1238] UNREGISTERED
2023-09-10 01:37:37.113 [SpringContextShutdownHook] INFO  o.s.scheduling.concurrent.ThreadPoolTaskExecutor - Shutting down ExecutorService 'applicationTaskExecutor'
2023-09-10 01:39:43.881 [main] INFO  c.a.s.s.a.s.d.b.BookstoreManagerApplication - Starting BookstoreManagerApplication on DESKTOP-EQ2LQMG with PID 15108 (D:\undergraduate\sofa-ark\arklet-springboot-demo\bookstore-manager\target\classes started by Administrator in D:\undergraduate\sofa-ark\arklet-springboot-demo)
2023-09-10 01:39:43.882 [main] INFO  c.a.s.s.a.s.d.b.BookstoreManagerApplication - No active profile set, falling back to default profiles: default
2023-09-10 01:39:45.464 [main] WARN  org.apache.catalina.core.StandardContext - A context path must either be an empty string or start with a '/' and do not end with a '/'. The path [/] does not meet these criteria and has been changed to []
2023-09-10 01:39:45.483 [main] INFO  o.s.boot.web.embedded.tomcat.TomcatWebServer - Tomcat initialized with port(s): 8080 (http)
2023-09-10 01:39:45.612 [main] INFO  org.apache.coyote.http11.Http11NioProtocol - Initializing ProtocolHandler ["http-nio-8080"]
2023-09-10 01:39:45.625 [main] INFO  org.apache.catalina.core.StandardService - Starting service [Tomcat]
2023-09-10 01:39:45.625 [main] INFO  org.apache.catalina.core.StandardEngine - Starting Servlet engine: [Apache Tomcat/9.0.46]
2023-09-10 01:39:45.873 [main] INFO  o.a.c.core.ContainerBase.[Tomcat].[localhost].[/] - Initializing Spring embedded WebApplicationContext
2023-09-10 01:39:45.873 [main] INFO  o.s.b.w.s.c.ServletWebServerApplicationContext - Root WebApplicationContext: initialization completed in 1936 ms
2023-09-10 01:39:46.230 [main] INFO  o.s.scheduling.concurrent.ThreadPoolTaskExecutor - Initializing ExecutorService 'applicationTaskExecutor'
2023-09-10 01:39:46.330 [main] INFO  o.s.b.a.web.servlet.WelcomePageHandlerMapping - Adding welcome page template: index
2023-09-10 01:39:46.393 [main] WARN  org.thymeleaf.templatemode.TemplateMode - [THYMELEAF][main] Template Mode 'HTML5' is deprecated. Using Template Mode 'HTML' instead.
2023-09-10 01:39:46.857 [nioEventLoopGroup-2-1] INFO  io.netty.handler.logging.LoggingHandler - [id: 0xbe9fc2dd] REGISTERED
2023-09-10 01:39:46.859 [nioEventLoopGroup-2-1] INFO  io.netty.handler.logging.LoggingHandler - [id: 0xbe9fc2dd] BIND: 0.0.0.0/0.0.0.0:1238
2023-09-10 01:39:46.862 [nioEventLoopGroup-2-1] INFO  io.netty.handler.logging.LoggingHandler - [id: 0xbe9fc2dd, L:/0:0:0:0:0:0:0:0:1238] ACTIVE
2023-09-10 01:39:47.501 [main] INFO  org.apache.coyote.http11.Http11NioProtocol - Starting ProtocolHandler ["http-nio-8080"]
2023-09-10 01:39:47.519 [main] INFO  o.s.boot.web.embedded.tomcat.TomcatWebServer - Tomcat started on port(s): 8080 (http) with context path ''
2023-09-10 01:39:47.602 [main] WARN  org.apache.tomcat.util.modeler.Registry - The MBean registry cannot be disabled because it has already been initialised
2023-09-10 01:39:47.606 [main] INFO  o.s.boot.web.embedded.tomcat.TomcatWebServer - Tomcat initialized with port(s): 8081 (http)
2023-09-10 01:39:47.608 [main] INFO  org.apache.coyote.http11.Http11NioProtocol - Initializing ProtocolHandler ["http-nio-8081"]
2023-09-10 01:39:47.608 [main] INFO  org.apache.catalina.core.StandardService - Starting service [Tomcat]
2023-09-10 01:39:47.608 [main] INFO  org.apache.catalina.core.StandardEngine - Starting Servlet engine: [Apache Tomcat/9.0.46]
2023-09-10 01:39:47.642 [main] INFO  o.a.c.core.ContainerBase.[Tomcat].[localhost].[/] - Initializing Spring embedded WebApplicationContext
2023-09-10 01:39:47.642 [main] INFO  o.s.b.w.s.c.ServletWebServerApplicationContext - Root WebApplicationContext: initialization completed in 119 ms
2023-09-10 01:39:47.659 [main] INFO  o.s.b.actuate.endpoint.web.EndpointLinksResolver - Exposing 18 endpoint(s) beneath base path ''
2023-09-10 01:39:47.704 [main] INFO  org.apache.coyote.http11.Http11NioProtocol - Starting ProtocolHandler ["http-nio-8081"]
2023-09-10 01:39:47.720 [main] INFO  o.s.boot.web.embedded.tomcat.TomcatWebServer - Tomcat started on port(s): 8081 (http) with context path ''
2023-09-10 01:39:47.794 [main] INFO  c.a.s.s.a.s.d.b.BookstoreManagerApplication - Started BookstoreManagerApplication in 8.05 seconds (JVM running for 10.746)
2023-09-10 01:41:27.518 [http-nio-8081-exec-2] INFO  o.a.c.core.ContainerBase.[Tomcat].[localhost].[/] - Initializing Spring DispatcherServlet 'dispatcherServlet'
2023-09-10 01:41:27.519 [http-nio-8081-exec-2] INFO  org.springframework.web.servlet.DispatcherServlet - Initializing Servlet 'dispatcherServlet'
2023-09-10 01:41:27.534 [http-nio-8081-exec-2] INFO  org.springframework.web.servlet.DispatcherServlet - Completed initialization in 15 ms
2023-09-10 02:25:25.211 [nioEventLoopGroup-2-1] INFO  io.netty.handler.logging.LoggingHandler - [id: 0xbe9fc2dd, L:/0:0:0:0:0:0:0:0:1238] CLOSE
2023-09-10 02:25:25.234 [nioEventLoopGroup-2-1] INFO  io.netty.handler.logging.LoggingHandler - [id: 0xbe9fc2dd, L:/0:0:0:0:0:0:0:0:1238] INACTIVE
2023-09-10 02:25:25.234 [nioEventLoopGroup-2-1] INFO  io.netty.handler.logging.LoggingHandler - [id: 0xbe9fc2dd, L:/0:0:0:0:0:0:0:0:1238] UNREGISTERED
2023-09-10 02:25:25.658 [SpringContextShutdownHook] INFO  o.s.scheduling.concurrent.ThreadPoolTaskExecutor - Shutting down ExecutorService 'applicationTaskExecutor'
2023-09-10 02:43:26.828 [main] INFO  c.a.s.s.a.s.d.b.BookstoreManagerApplication - Starting BookstoreManagerApplication on DESKTOP-EQ2LQMG with PID 9548 (D:\undergraduate\sofa-ark\arklet-springboot-demo\bookstore-manager\target\classes started by Administrator in D:\undergraduate\sofa-ark\arklet-springboot-demo)
2023-09-10 02:43:26.832 [main] INFO  c.a.s.s.a.s.d.b.BookstoreManagerApplication - No active profile set, falling back to default profiles: default
2023-09-10 02:43:29.066 [main] WARN  org.apache.catalina.core.StandardContext - A context path must either be an empty string or start with a '/' and do not end with a '/'. The path [/] does not meet these criteria and has been changed to []
2023-09-10 02:43:29.084 [main] INFO  o.s.boot.web.embedded.tomcat.TomcatWebServer - Tomcat initialized with port(s): 8080 (http)
2023-09-10 02:43:29.215 [main] INFO  org.apache.coyote.http11.Http11NioProtocol - Initializing ProtocolHandler ["http-nio-8080"]
2023-09-10 02:43:29.228 [main] INFO  org.apache.catalina.core.StandardService - Starting service [Tomcat]
2023-09-10 02:43:29.229 [main] INFO  org.apache.catalina.core.StandardEngine - Starting Servlet engine: [Apache Tomcat/9.0.46]
2023-09-10 02:43:29.454 [main] INFO  o.a.c.core.ContainerBase.[Tomcat].[localhost].[/] - Initializing Spring embedded WebApplicationContext
2023-09-10 02:43:29.454 [main] INFO  o.s.b.w.s.c.ServletWebServerApplicationContext - Root WebApplicationContext: initialization completed in 2524 ms
2023-09-10 02:43:29.763 [main] INFO  o.s.scheduling.concurrent.ThreadPoolTaskExecutor - Initializing ExecutorService 'applicationTaskExecutor'
2023-09-10 02:43:29.848 [main] INFO  o.s.b.a.web.servlet.WelcomePageHandlerMapping - Adding welcome page template: index
2023-09-10 02:43:29.897 [main] WARN  org.thymeleaf.templatemode.TemplateMode - [THYMELEAF][main] Template Mode 'HTML5' is deprecated. Using Template Mode 'HTML' instead.
2023-09-10 02:43:30.490 [nioEventLoopGroup-2-1] INFO  io.netty.handler.logging.LoggingHandler - [id: 0xf2cfa0d1] REGISTERED
2023-09-10 02:43:30.492 [nioEventLoopGroup-2-1] INFO  io.netty.handler.logging.LoggingHandler - [id: 0xf2cfa0d1] BIND: 0.0.0.0/0.0.0.0:1238
2023-09-10 02:43:30.494 [nioEventLoopGroup-2-1] INFO  io.netty.handler.logging.LoggingHandler - [id: 0xf2cfa0d1, L:/0:0:0:0:0:0:0:0:1238] ACTIVE
2023-09-10 02:43:31.147 [main] INFO  org.apache.coyote.http11.Http11NioProtocol - Starting ProtocolHandler ["http-nio-8080"]
2023-09-10 02:43:31.163 [main] INFO  o.s.boot.web.embedded.tomcat.TomcatWebServer - Tomcat started on port(s): 8080 (http) with context path ''
2023-09-10 02:43:31.229 [main] WARN  org.apache.tomcat.util.modeler.Registry - The MBean registry cannot be disabled because it has already been initialised
2023-09-10 02:43:31.233 [main] INFO  o.s.boot.web.embedded.tomcat.TomcatWebServer - Tomcat initialized with port(s): 8081 (http)
2023-09-10 02:43:31.234 [main] INFO  org.apache.coyote.http11.Http11NioProtocol - Initializing ProtocolHandler ["http-nio-8081"]
2023-09-10 02:43:31.234 [main] INFO  org.apache.catalina.core.StandardService - Starting service [Tomcat]
2023-09-10 02:43:31.235 [main] INFO  org.apache.catalina.core.StandardEngine - Starting Servlet engine: [Apache Tomcat/9.0.46]
2023-09-10 02:43:31.260 [main] INFO  o.a.c.core.ContainerBase.[Tomcat].[localhost].[/] - Initializing Spring embedded WebApplicationContext
2023-09-10 02:43:31.260 [main] INFO  o.s.b.w.s.c.ServletWebServerApplicationContext - Root WebApplicationContext: initialization completed in 94 ms
2023-09-10 02:43:31.273 [main] INFO  o.s.b.actuate.endpoint.web.EndpointLinksResolver - Exposing 18 endpoint(s) beneath base path ''
2023-09-10 02:43:31.309 [main] INFO  org.apache.coyote.http11.Http11NioProtocol - Starting ProtocolHandler ["http-nio-8081"]
2023-09-10 02:43:31.318 [main] INFO  o.s.boot.web.embedded.tomcat.TomcatWebServer - Tomcat started on port(s): 8081 (http) with context path ''
2023-09-10 02:43:31.382 [main] INFO  c.a.s.s.a.s.d.b.BookstoreManagerApplication - Started BookstoreManagerApplication in 8.711 seconds (JVM running for 13.191)
2023-09-10 02:43:36.283 [nioEventLoopGroup-2-1] INFO  io.netty.handler.logging.LoggingHandler - [id: 0xf2cfa0d1, L:/0:0:0:0:0:0:0:0:1238] READ: [id: 0x12400c71, L:/0:0:0:0:0:0:0:1:1238 - R:/0:0:0:0:0:0:0:1:57613]
2023-09-10 02:43:36.285 [nioEventLoopGroup-2-1] INFO  io.netty.handler.logging.LoggingHandler - [id: 0xf2cfa0d1, L:/0:0:0:0:0:0:0:0:1238] READ COMPLETE
2023-09-10 02:43:36.286 [nioEventLoopGroup-2-1] INFO  io.netty.handler.logging.LoggingHandler - [id: 0xf2cfa0d1, L:/0:0:0:0:0:0:0:0:1238] READ: [id: 0xec52a66e, L:/0:0:0:0:0:0:0:1:1238 - R:/0:0:0:0:0:0:0:1:57614]
2023-09-10 02:43:36.286 [nioEventLoopGroup-2-1] INFO  io.netty.handler.logging.LoggingHandler - [id: 0xf2cfa0d1, L:/0:0:0:0:0:0:0:0:1238] READ COMPLETE
2023-09-10 02:43:43.261 [nioEventLoopGroup-2-1] INFO  io.netty.handler.logging.LoggingHandler - [id: 0xf2cfa0d1, L:/0:0:0:0:0:0:0:0:1238] READ: [id: 0x770a76f9, L:/0:0:0:0:0:0:0:1:1238 - R:/0:0:0:0:0:0:0:1:57625]
2023-09-10 02:43:43.262 [nioEventLoopGroup-2-1] INFO  io.netty.handler.logging.LoggingHandler - [id: 0xf2cfa0d1, L:/0:0:0:0:0:0:0:0:1238] READ COMPLETE
2023-09-10 02:43:43.263 [nioEventLoopGroup-2-1] INFO  io.netty.handler.logging.LoggingHandler - [id: 0xf2cfa0d1, L:/0:0:0:0:0:0:0:0:1238] READ: [id: 0xddef78a2, L:/0:0:0:0:0:0:0:1:1238 - R:/0:0:0:0:0:0:0:1:57626]
2023-09-10 02:43:43.264 [nioEventLoopGroup-2-1] INFO  io.netty.handler.logging.LoggingHandler - [id: 0xf2cfa0d1, L:/0:0:0:0:0:0:0:0:1238] READ COMPLETE
2023-09-10 02:43:48.045 [nioEventLoopGroup-2-1] INFO  io.netty.handler.logging.LoggingHandler - [id: 0xf2cfa0d1, L:/0:0:0:0:0:0:0:0:1238] READ: [id: 0xe460fb76, L:/0:0:0:0:0:0:0:1:1238 - R:/0:0:0:0:0:0:0:1:57633]
2023-09-10 02:43:48.045 [nioEventLoopGroup-2-1] INFO  io.netty.handler.logging.LoggingHandler - [id: 0xf2cfa0d1, L:/0:0:0:0:0:0:0:0:1238] READ COMPLETE
2023-09-10 02:43:48.047 [nioEventLoopGroup-2-1] INFO  io.netty.handler.logging.LoggingHandler - [id: 0xf2cfa0d1, L:/0:0:0:0:0:0:0:0:1238] READ: [id: 0x6c6d1c12, L:/0:0:0:0:0:0:0:1:1238 - R:/0:0:0:0:0:0:0:1:57634]
2023-09-10 02:43:48.048 [nioEventLoopGroup-2-1] INFO  io.netty.handler.logging.LoggingHandler - [id: 0xf2cfa0d1, L:/0:0:0:0:0:0:0:0:1238] READ COMPLETE
2023-09-10 02:45:24.961 [nioEventLoopGroup-2-1] INFO  io.netty.handler.logging.LoggingHandler - [id: 0xf2cfa0d1, L:/0:0:0:0:0:0:0:0:1238] CLOSE
2023-09-10 02:45:24.964 [nioEventLoopGroup-2-1] INFO  io.netty.handler.logging.LoggingHandler - [id: 0xf2cfa0d1, L:/0:0:0:0:0:0:0:0:1238] INACTIVE
2023-09-10 02:45:24.964 [nioEventLoopGroup-2-1] INFO  io.netty.handler.logging.LoggingHandler - [id: 0xf2cfa0d1, L:/0:0:0:0:0:0:0:0:1238] UNREGISTERED
2023-09-10 02:45:25.159 [SpringContextShutdownHook] INFO  o.s.scheduling.concurrent.ThreadPoolTaskExecutor - Shutting down ExecutorService 'applicationTaskExecutor'
2023-09-10 02:45:36.494 [main] INFO  c.a.s.s.a.s.d.b.BookstoreManagerApplication - Starting BookstoreManagerApplication on DESKTOP-EQ2LQMG with PID 14856 (D:\undergraduate\sofa-ark\arklet-springboot-demo\bookstore-manager\target\classes started by Administrator in D:\undergraduate\sofa-ark\arklet-springboot-demo)
2023-09-10 02:45:36.496 [main] INFO  c.a.s.s.a.s.d.b.BookstoreManagerApplication - No active profile set, falling back to default profiles: default
2023-09-10 02:45:38.252 [main] WARN  org.apache.catalina.core.StandardContext - A context path must either be an empty string or start with a '/' and do not end with a '/'. The path [/] does not meet these criteria and has been changed to []
2023-09-10 02:45:38.277 [main] INFO  o.s.boot.web.embedded.tomcat.TomcatWebServer - Tomcat initialized with port(s): 8080 (http)
2023-09-10 02:45:38.411 [main] INFO  org.apache.coyote.http11.Http11NioProtocol - Initializing ProtocolHandler ["http-nio-8080"]
2023-09-10 02:45:38.423 [main] INFO  org.apache.catalina.core.StandardService - Starting service [Tomcat]
2023-09-10 02:45:38.423 [main] INFO  org.apache.catalina.core.StandardEngine - Starting Servlet engine: [Apache Tomcat/9.0.46]
2023-09-10 02:45:38.647 [main] INFO  o.a.c.core.ContainerBase.[Tomcat].[localhost].[/] - Initializing Spring embedded WebApplicationContext
2023-09-10 02:45:38.647 [main] INFO  o.s.b.w.s.c.ServletWebServerApplicationContext - Root WebApplicationContext: initialization completed in 2064 ms
2023-09-10 02:45:38.983 [main] INFO  o.s.scheduling.concurrent.ThreadPoolTaskExecutor - Initializing ExecutorService 'applicationTaskExecutor'
2023-09-10 02:45:39.090 [main] INFO  o.s.b.a.web.servlet.WelcomePageHandlerMapping - Adding welcome page template: index
2023-09-10 02:45:39.156 [main] WARN  org.thymeleaf.templatemode.TemplateMode - [THYMELEAF][main] Template Mode 'HTML5' is deprecated. Using Template Mode 'HTML' instead.
2023-09-10 02:45:39.632 [nioEventLoopGroup-2-1] INFO  io.netty.handler.logging.LoggingHandler - [id: 0xc5d5dabe] REGISTERED
2023-09-10 02:45:39.634 [nioEventLoopGroup-2-1] INFO  io.netty.handler.logging.LoggingHandler - [id: 0xc5d5dabe] BIND: 0.0.0.0/0.0.0.0:1238
2023-09-10 02:45:39.637 [nioEventLoopGroup-2-1] INFO  io.netty.handler.logging.LoggingHandler - [id: 0xc5d5dabe, L:/0:0:0:0:0:0:0:0:1238] ACTIVE
2023-09-10 02:45:40.420 [main] INFO  org.apache.coyote.http11.Http11NioProtocol - Starting ProtocolHandler ["http-nio-8080"]
2023-09-10 02:45:40.444 [main] INFO  o.s.boot.web.embedded.tomcat.TomcatWebServer - Tomcat started on port(s): 8080 (http) with context path ''
2023-09-10 02:45:40.531 [main] WARN  org.apache.tomcat.util.modeler.Registry - The MBean registry cannot be disabled because it has already been initialised
2023-09-10 02:45:40.537 [main] INFO  o.s.boot.web.embedded.tomcat.TomcatWebServer - Tomcat initialized with port(s): 8081 (http)
2023-09-10 02:45:40.538 [main] INFO  org.apache.coyote.http11.Http11NioProtocol - Initializing ProtocolHandler ["http-nio-8081"]
2023-09-10 02:45:40.539 [main] INFO  org.apache.catalina.core.StandardService - Starting service [Tomcat]
2023-09-10 02:45:40.539 [main] INFO  org.apache.catalina.core.StandardEngine - Starting Servlet engine: [Apache Tomcat/9.0.46]
2023-09-10 02:45:40.568 [main] INFO  o.a.c.core.ContainerBase.[Tomcat].[localhost].[/] - Initializing Spring embedded WebApplicationContext
2023-09-10 02:45:40.569 [main] INFO  o.s.b.w.s.c.ServletWebServerApplicationContext - Root WebApplicationContext: initialization completed in 121 ms
2023-09-10 02:45:40.584 [main] INFO  o.s.b.actuate.endpoint.web.EndpointLinksResolver - Exposing 18 endpoint(s) beneath base path ''
2023-09-10 02:45:40.625 [main] INFO  org.apache.coyote.http11.Http11NioProtocol - Starting ProtocolHandler ["http-nio-8081"]
2023-09-10 02:45:40.642 [main] INFO  o.s.boot.web.embedded.tomcat.TomcatWebServer - Tomcat started on port(s): 8081 (http) with context path ''
2023-09-10 02:45:40.732 [main] INFO  c.a.s.s.a.s.d.b.BookstoreManagerApplication - Started BookstoreManagerApplication in 8.18 seconds (JVM running for 12.396)
2023-09-10 02:46:07.720 [nioEventLoopGroup-2-1] INFO  io.netty.handler.logging.LoggingHandler - [id: 0xc5d5dabe, L:/0:0:0:0:0:0:0:0:1238] READ: [id: 0x5ad91753, L:/0:0:0:0:0:0:0:1:1238 - R:/0:0:0:0:0:0:0:1:57778]
2023-09-10 02:46:07.722 [nioEventLoopGroup-2-1] INFO  io.netty.handler.logging.LoggingHandler - [id: 0xc5d5dabe, L:/0:0:0:0:0:0:0:0:1238] READ COMPLETE
2023-09-10 02:46:07.724 [nioEventLoopGroup-2-1] INFO  io.netty.handler.logging.LoggingHandler - [id: 0xc5d5dabe, L:/0:0:0:0:0:0:0:0:1238] READ: [id: 0x4a376df5, L:/0:0:0:0:0:0:0:1:1238 - R:/0:0:0:0:0:0:0:1:57779]
2023-09-10 02:46:07.724 [nioEventLoopGroup-2-1] INFO  io.netty.handler.logging.LoggingHandler - [id: 0xc5d5dabe, L:/0:0:0:0:0:0:0:0:1238] READ COMPLETE
2023-09-10 02:54:34.732 [nioEventLoopGroup-2-1] INFO  io.netty.handler.logging.LoggingHandler - [id: 0xc5d5dabe, L:/0:0:0:0:0:0:0:0:1238] READ: [id: 0x1ddc9753, L:/0:0:0:0:0:0:0:1:1238 - R:/0:0:0:0:0:0:0:1:58231]
2023-09-10 02:54:34.738 [nioEventLoopGroup-2-1] INFO  io.netty.handler.logging.LoggingHandler - [id: 0xc5d5dabe, L:/0:0:0:0:0:0:0:0:1238] READ COMPLETE
2023-09-10 02:54:34.741 [nioEventLoopGroup-2-1] INFO  io.netty.handler.logging.LoggingHandler - [id: 0xc5d5dabe, L:/0:0:0:0:0:0:0:0:1238] READ: [id: 0x4491d2bb, L:/0:0:0:0:0:0:0:1:1238 - R:/0:0:0:0:0:0:0:1:58232]
2023-09-10 02:54:34.741 [nioEventLoopGroup-2-1] INFO  io.netty.handler.logging.LoggingHandler - [id: 0xc5d5dabe, L:/0:0:0:0:0:0:0:0:1238] READ COMPLETE
2023-09-10 03:06:02.280 [nioEventLoopGroup-2-1] INFO  io.netty.handler.logging.LoggingHandler - [id: 0xc5d5dabe, L:/0:0:0:0:0:0:0:0:1238] CLOSE
2023-09-10 03:06:02.285 [nioEventLoopGroup-2-1] INFO  io.netty.handler.logging.LoggingHandler - [id: 0xc5d5dabe, L:/0:0:0:0:0:0:0:0:1238] INACTIVE
2023-09-10 03:06:02.286 [nioEventLoopGroup-2-1] INFO  io.netty.handler.logging.LoggingHandler - [id: 0xc5d5dabe, L:/0:0:0:0:0:0:0:0:1238] UNREGISTERED
2023-09-10 03:06:03.771 [SpringContextShutdownHook] INFO  o.s.scheduling.concurrent.ThreadPoolTaskExecutor - Shutting down ExecutorService 'applicationTaskExecutor'
2023-09-10 03:07:00.999 [main] INFO  c.a.s.s.a.s.d.b.BookstoreManagerApplication - Starting BookstoreManagerApplication on DESKTOP-EQ2LQMG with PID 9848 (D:\undergraduate\sofa-ark\arklet-springboot-demo\bookstore-manager\target\classes started by Administrator in D:\undergraduate\sofa-ark\arklet-springboot-demo)
2023-09-10 03:07:01.000 [main] INFO  c.a.s.s.a.s.d.b.BookstoreManagerApplication - No active profile set, falling back to default profiles: default
2023-09-10 03:07:02.632 [main] WARN  org.apache.catalina.core.StandardContext - A context path must either be an empty string or start with a '/' and do not end with a '/'. The path [/] does not meet these criteria and has been changed to []
2023-09-10 03:07:02.657 [main] INFO  o.s.boot.web.embedded.tomcat.TomcatWebServer - Tomcat initialized with port(s): 8080 (http)
2023-09-10 03:07:02.810 [main] INFO  org.apache.coyote.http11.Http11NioProtocol - Initializing ProtocolHandler ["http-nio-8080"]
2023-09-10 03:07:02.824 [main] INFO  org.apache.catalina.core.StandardService - Starting service [Tomcat]
2023-09-10 03:07:02.824 [main] INFO  org.apache.catalina.core.StandardEngine - Starting Servlet engine: [Apache Tomcat/9.0.46]
2023-09-10 03:07:03.046 [main] INFO  o.a.c.core.ContainerBase.[Tomcat].[localhost].[/] - Initializing Spring embedded WebApplicationContext
2023-09-10 03:07:03.047 [main] INFO  o.s.b.w.s.c.ServletWebServerApplicationContext - Root WebApplicationContext: initialization completed in 1996 ms
2023-09-10 03:07:03.429 [main] INFO  o.s.scheduling.concurrent.ThreadPoolTaskExecutor - Initializing ExecutorService 'applicationTaskExecutor'
2023-09-10 03:07:03.522 [main] INFO  o.s.b.a.web.servlet.WelcomePageHandlerMapping - Adding welcome page template: index
2023-09-10 03:07:03.577 [main] WARN  org.thymeleaf.templatemode.TemplateMode - [THYMELEAF][main] Template Mode 'HTML5' is deprecated. Using Template Mode 'HTML' instead.
2023-09-10 03:07:04.002 [nioEventLoopGroup-2-1] INFO  io.netty.handler.logging.LoggingHandler - [id: 0x2862e7aa] REGISTERED
2023-09-10 03:07:04.005 [nioEventLoopGroup-2-1] INFO  io.netty.handler.logging.LoggingHandler - [id: 0x2862e7aa] BIND: 0.0.0.0/0.0.0.0:1238
2023-09-10 03:07:04.007 [nioEventLoopGroup-2-1] INFO  io.netty.handler.logging.LoggingHandler - [id: 0x2862e7aa, L:/0:0:0:0:0:0:0:0:1238] ACTIVE
2023-09-10 03:07:05.724 [main] INFO  org.apache.coyote.http11.Http11NioProtocol - Starting ProtocolHandler ["http-nio-8080"]
2023-09-10 03:07:05.739 [main] INFO  o.s.boot.web.embedded.tomcat.TomcatWebServer - Tomcat started on port(s): 8080 (http) with context path ''
2023-09-10 03:07:05.812 [main] WARN  org.apache.tomcat.util.modeler.Registry - The MBean registry cannot be disabled because it has already been initialised
2023-09-10 03:07:05.817 [main] INFO  o.s.boot.web.embedded.tomcat.TomcatWebServer - Tomcat initialized with port(s): 8081 (http)
2023-09-10 03:07:05.818 [main] INFO  org.apache.coyote.http11.Http11NioProtocol - Initializing ProtocolHandler ["http-nio-8081"]
2023-09-10 03:07:05.819 [main] INFO  org.apache.catalina.core.StandardService - Starting service [Tomcat]
2023-09-10 03:07:05.819 [main] INFO  org.apache.catalina.core.StandardEngine - Starting Servlet engine: [Apache Tomcat/9.0.46]
2023-09-10 03:07:05.856 [main] INFO  o.a.c.core.ContainerBase.[Tomcat].[localhost].[/] - Initializing Spring embedded WebApplicationContext
2023-09-10 03:07:05.856 [main] INFO  o.s.b.w.s.c.ServletWebServerApplicationContext - Root WebApplicationContext: initialization completed in 113 ms
2023-09-10 03:07:05.871 [main] INFO  o.s.b.actuate.endpoint.web.EndpointLinksResolver - Exposing 18 endpoint(s) beneath base path ''
2023-09-10 03:07:05.909 [main] INFO  org.apache.coyote.http11.Http11NioProtocol - Starting ProtocolHandler ["http-nio-8081"]
2023-09-10 03:07:05.919 [main] INFO  o.s.boot.web.embedded.tomcat.TomcatWebServer - Tomcat started on port(s): 8081 (http) with context path ''
2023-09-10 03:07:05.979 [main] INFO  c.a.s.s.a.s.d.b.BookstoreManagerApplication - Started BookstoreManagerApplication in 9.229 seconds (JVM running for 11.749)
2023-09-10 03:07:29.735 [nioEventLoopGroup-2-1] INFO  io.netty.handler.logging.LoggingHandler - [id: 0x2862e7aa, L:/0:0:0:0:0:0:0:0:1238] READ: [id: 0x136990c7, L:/0:0:0:0:0:0:0:1:1238 - R:/0:0:0:0:0:0:0:1:58950]
2023-09-10 03:07:29.737 [nioEventLoopGroup-2-1] INFO  io.netty.handler.logging.LoggingHandler - [id: 0x2862e7aa, L:/0:0:0:0:0:0:0:0:1238] READ COMPLETE
2023-09-10 03:07:29.738 [nioEventLoopGroup-2-1] INFO  io.netty.handler.logging.LoggingHandler - [id: 0x2862e7aa, L:/0:0:0:0:0:0:0:0:1238] READ: [id: 0xbb088a15, L:/0:0:0:0:0:0:0:1:1238 - R:/0:0:0:0:0:0:0:1:58951]
2023-09-10 03:07:29.738 [nioEventLoopGroup-2-1] INFO  io.netty.handler.logging.LoggingHandler - [id: 0x2862e7aa, L:/0:0:0:0:0:0:0:0:1238] READ COMPLETE
2023-09-10 03:07:36.160 [nioEventLoopGroup-2-1] INFO  io.netty.handler.logging.LoggingHandler - [id: 0x2862e7aa, L:/0:0:0:0:0:0:0:0:1238] READ: [id: 0xb0bf6166, L:/0:0:0:0:0:0:0:1:1238 - R:/0:0:0:0:0:0:0:1:58954]
2023-09-10 03:07:36.161 [nioEventLoopGroup-2-1] INFO  io.netty.handler.logging.LoggingHandler - [id: 0x2862e7aa, L:/0:0:0:0:0:0:0:0:1238] READ COMPLETE
2023-09-10 03:07:36.162 [nioEventLoopGroup-2-1] INFO  io.netty.handler.logging.LoggingHandler - [id: 0x2862e7aa, L:/0:0:0:0:0:0:0:0:1238] READ: [id: 0xa9499dff, L:/0:0:0:0:0:0:0:1:1238 - R:/0:0:0:0:0:0:0:1:58955]
2023-09-10 03:07:36.163 [nioEventLoopGroup-2-1] INFO  io.netty.handler.logging.LoggingHandler - [id: 0x2862e7aa, L:/0:0:0:0:0:0:0:0:1238] READ COMPLETE
2023-09-10 03:07:38.387 [nioEventLoopGroup-2-1] INFO  io.netty.handler.logging.LoggingHandler - [id: 0x2862e7aa, L:/0:0:0:0:0:0:0:0:1238] READ: [id: 0xcb24b4be, L:/0:0:0:0:0:0:0:1:1238 - R:/0:0:0:0:0:0:0:1:58958]
2023-09-10 03:07:38.387 [nioEventLoopGroup-2-1] INFO  io.netty.handler.logging.LoggingHandler - [id: 0x2862e7aa, L:/0:0:0:0:0:0:0:0:1238] READ COMPLETE
2023-09-10 03:07:38.392 [nioEventLoopGroup-2-1] INFO  io.netty.handler.logging.LoggingHandler - [id: 0x2862e7aa, L:/0:0:0:0:0:0:0:0:1238] READ: [id: 0x7f71af7a, L:/0:0:0:0:0:0:0:1:1238 - R:/0:0:0:0:0:0:0:1:58959]
2023-09-10 03:07:38.392 [nioEventLoopGroup-2-1] INFO  io.netty.handler.logging.LoggingHandler - [id: 0x2862e7aa, L:/0:0:0:0:0:0:0:0:1238] READ COMPLETE
2023-09-10 03:13:39.755 [nioEventLoopGroup-2-1] INFO  io.netty.handler.logging.LoggingHandler - [id: 0x2862e7aa, L:/0:0:0:0:0:0:0:0:1238] READ: [id: 0xba360a33, L:/0:0:0:0:0:0:0:1:1238 - R:/0:0:0:0:0:0:0:1:59038]
2023-09-10 03:13:39.766 [nioEventLoopGroup-2-1] INFO  io.netty.handler.logging.LoggingHandler - [id: 0x2862e7aa, L:/0:0:0:0:0:0:0:0:1238] READ COMPLETE
2023-09-10 03:13:39.767 [nioEventLoopGroup-2-1] INFO  io.netty.handler.logging.LoggingHandler - [id: 0x2862e7aa, L:/0:0:0:0:0:0:0:0:1238] READ: [id: 0x316f07ec, L:/0:0:0:0:0:0:0:1:1238 - R:/0:0:0:0:0:0:0:1:59039]
2023-09-10 03:13:39.767 [nioEventLoopGroup-2-1] INFO  io.netty.handler.logging.LoggingHandler - [id: 0x2862e7aa, L:/0:0:0:0:0:0:0:0:1238] READ COMPLETE
2023-09-10 03:14:58.546 [nioEventLoopGroup-2-1] INFO  io.netty.handler.logging.LoggingHandler - [id: 0x2862e7aa, L:/0:0:0:0:0:0:0:0:1238] READ: [id: 0x2a05dc47, L:/0:0:0:0:0:0:0:1:1238 - R:/0:0:0:0:0:0:0:1:59061]
2023-09-10 03:14:58.558 [nioEventLoopGroup-2-1] INFO  io.netty.handler.logging.LoggingHandler - [id: 0x2862e7aa, L:/0:0:0:0:0:0:0:0:1238] READ COMPLETE
2023-09-10 03:14:58.559 [nioEventLoopGroup-2-1] INFO  io.netty.handler.logging.LoggingHandler - [id: 0x2862e7aa, L:/0:0:0:0:0:0:0:0:1238] READ: [id: 0x70a79251, L:/0:0:0:0:0:0:0:1:1238 - R:/0:0:0:0:0:0:0:1:59062]
2023-09-10 03:14:58.560 [nioEventLoopGroup-2-1] INFO  io.netty.handler.logging.LoggingHandler - [id: 0x2862e7aa, L:/0:0:0:0:0:0:0:0:1238] READ COMPLETE
2023-09-10 03:15:08.283 [nioEventLoopGroup-2-1] INFO  io.netty.handler.logging.LoggingHandler - [id: 0x2862e7aa, L:/0:0:0:0:0:0:0:0:1238] CLOSE
2023-09-10 03:15:08.284 [nioEventLoopGroup-2-1] INFO  io.netty.handler.logging.LoggingHandler - [id: 0x2862e7aa, L:/0:0:0:0:0:0:0:0:1238] INACTIVE
2023-09-10 03:15:08.284 [nioEventLoopGroup-2-1] INFO  io.netty.handler.logging.LoggingHandler - [id: 0x2862e7aa, L:/0:0:0:0:0:0:0:0:1238] UNREGISTERED
2023-09-10 03:15:08.671 [SpringContextShutdownHook] INFO  o.s.scheduling.concurrent.ThreadPoolTaskExecutor - Shutting down ExecutorService 'applicationTaskExecutor'
2023-09-10 03:15:23.535 [main] INFO  c.a.s.s.a.s.d.b.BookstoreManagerApplication - Starting BookstoreManagerApplication on DESKTOP-EQ2LQMG with PID 6316 (D:\undergraduate\sofa-ark\arklet-springboot-demo\bookstore-manager\target\classes started by Administrator in D:\undergraduate\sofa-ark\arklet-springboot-demo)
2023-09-10 03:15:23.536 [main] INFO  c.a.s.s.a.s.d.b.BookstoreManagerApplication - No active profile set, falling back to default profiles: default
2023-09-10 03:15:25.161 [main] WARN  org.apache.catalina.core.StandardContext - A context path must either be an empty string or start with a '/' and do not end with a '/'. The path [/] does not meet these criteria and has been changed to []
2023-09-10 03:15:25.186 [main] INFO  o.s.boot.web.embedded.tomcat.TomcatWebServer - Tomcat initialized with port(s): 8080 (http)
2023-09-10 03:15:25.336 [main] INFO  org.apache.coyote.http11.Http11NioProtocol - Initializing ProtocolHandler ["http-nio-8080"]
2023-09-10 03:15:25.351 [main] INFO  org.apache.catalina.core.StandardService - Starting service [Tomcat]
2023-09-10 03:15:25.351 [main] INFO  org.apache.catalina.core.StandardEngine - Starting Servlet engine: [Apache Tomcat/9.0.46]
2023-09-10 03:15:25.605 [main] INFO  o.a.c.core.ContainerBase.[Tomcat].[localhost].[/] - Initializing Spring embedded WebApplicationContext
2023-09-10 03:15:25.605 [main] INFO  o.s.b.w.s.c.ServletWebServerApplicationContext - Root WebApplicationContext: initialization completed in 2014 ms
2023-09-10 03:15:25.966 [main] INFO  o.s.scheduling.concurrent.ThreadPoolTaskExecutor - Initializing ExecutorService 'applicationTaskExecutor'
2023-09-10 03:15:26.062 [main] INFO  o.s.b.a.web.servlet.WelcomePageHandlerMapping - Adding welcome page template: index
2023-09-10 03:15:26.125 [main] WARN  org.thymeleaf.templatemode.TemplateMode - [THYMELEAF][main] Template Mode 'HTML5' is deprecated. Using Template Mode 'HTML' instead.
2023-09-10 03:15:26.609 [nioEventLoopGroup-2-1] INFO  io.netty.handler.logging.LoggingHandler - [id: 0x759e83d8] REGISTERED
2023-09-10 03:15:26.615 [nioEventLoopGroup-2-1] INFO  io.netty.handler.logging.LoggingHandler - [id: 0x759e83d8] BIND: 0.0.0.0/0.0.0.0:1238
2023-09-10 03:15:26.618 [nioEventLoopGroup-2-1] INFO  io.netty.handler.logging.LoggingHandler - [id: 0x759e83d8, L:/0:0:0:0:0:0:0:0:1238] ACTIVE
2023-09-10 03:15:28.458 [main] INFO  org.apache.coyote.http11.Http11NioProtocol - Starting ProtocolHandler ["http-nio-8080"]
2023-09-10 03:15:28.476 [main] INFO  o.s.boot.web.embedded.tomcat.TomcatWebServer - Tomcat started on port(s): 8080 (http) with context path ''
2023-09-10 03:15:28.554 [main] WARN  org.apache.tomcat.util.modeler.Registry - The MBean registry cannot be disabled because it has already been initialised
2023-09-10 03:15:28.560 [main] INFO  o.s.boot.web.embedded.tomcat.TomcatWebServer - Tomcat initialized with port(s): 8081 (http)
2023-09-10 03:15:28.561 [main] INFO  org.apache.coyote.http11.Http11NioProtocol - Initializing ProtocolHandler ["http-nio-8081"]
2023-09-10 03:15:28.562 [main] INFO  org.apache.catalina.core.StandardService - Starting service [Tomcat]
2023-09-10 03:15:28.562 [main] INFO  org.apache.catalina.core.StandardEngine - Starting Servlet engine: [Apache Tomcat/9.0.46]
2023-09-10 03:15:28.594 [main] INFO  o.a.c.core.ContainerBase.[Tomcat].[localhost].[/] - Initializing Spring embedded WebApplicationContext
2023-09-10 03:15:28.594 [main] INFO  o.s.b.w.s.c.ServletWebServerApplicationContext - Root WebApplicationContext: initialization completed in 114 ms
2023-09-10 03:15:28.609 [main] INFO  o.s.b.actuate.endpoint.web.EndpointLinksResolver - Exposing 18 endpoint(s) beneath base path ''
2023-09-10 03:15:28.666 [main] INFO  org.apache.coyote.http11.Http11NioProtocol - Starting ProtocolHandler ["http-nio-8081"]
2023-09-10 03:15:28.682 [main] INFO  o.s.boot.web.embedded.tomcat.TomcatWebServer - Tomcat started on port(s): 8081 (http) with context path ''
2023-09-10 03:15:28.764 [main] INFO  c.a.s.s.a.s.d.b.BookstoreManagerApplication - Started BookstoreManagerApplication in 9.897 seconds (JVM running for 13.346)
2023-09-10 03:15:34.717 [nioEventLoopGroup-2-1] INFO  io.netty.handler.logging.LoggingHandler - [id: 0x759e83d8, L:/0:0:0:0:0:0:0:0:1238] READ: [id: 0xa3f80fac, L:/0:0:0:0:0:0:0:1:1238 - R:/0:0:0:0:0:0:0:1:59114]
2023-09-10 03:15:34.719 [nioEventLoopGroup-2-1] INFO  io.netty.handler.logging.LoggingHandler - [id: 0x759e83d8, L:/0:0:0:0:0:0:0:0:1238] READ COMPLETE
2023-09-10 03:15:34.720 [nioEventLoopGroup-2-1] INFO  io.netty.handler.logging.LoggingHandler - [id: 0x759e83d8, L:/0:0:0:0:0:0:0:0:1238] READ: [id: 0x9aa009c7, L:/0:0:0:0:0:0:0:1:1238 - R:/0:0:0:0:0:0:0:1:59115]
2023-09-10 03:15:34.721 [nioEventLoopGroup-2-1] INFO  io.netty.handler.logging.LoggingHandler - [id: 0x759e83d8, L:/0:0:0:0:0:0:0:0:1238] READ COMPLETE
2023-09-10 03:21:42.673 [nioEventLoopGroup-2-1] INFO  io.netty.handler.logging.LoggingHandler - [id: 0x759e83d8, L:/0:0:0:0:0:0:0:0:1238] CLOSE
2023-09-10 03:21:42.675 [nioEventLoopGroup-2-1] INFO  io.netty.handler.logging.LoggingHandler - [id: 0x759e83d8, L:/0:0:0:0:0:0:0:0:1238] INACTIVE
2023-09-10 03:21:42.675 [nioEventLoopGroup-2-1] INFO  io.netty.handler.logging.LoggingHandler - [id: 0x759e83d8, L:/0:0:0:0:0:0:0:0:1238] UNREGISTERED
2023-09-10 03:21:43.614 [SpringContextShutdownHook] INFO  o.s.scheduling.concurrent.ThreadPoolTaskExecutor - Shutting down ExecutorService 'applicationTaskExecutor'
2023-09-10 03:22:35.604 [main] INFO  c.a.s.s.a.s.d.b.BookstoreManagerApplication - Starting BookstoreManagerApplication on DESKTOP-EQ2LQMG with PID 15176 (D:\undergraduate\sofa-ark\arklet-springboot-demo\bookstore-manager\target\classes started by Administrator in D:\undergraduate\sofa-ark\arklet-springboot-demo)
2023-09-10 03:22:35.605 [main] INFO  c.a.s.s.a.s.d.b.BookstoreManagerApplication - No active profile set, falling back to default profiles: default
2023-09-10 03:22:38.161 [main] WARN  org.apache.catalina.core.StandardContext - A context path must either be an empty string or start with a '/' and do not end with a '/'. The path [/] does not meet these criteria and has been changed to []
2023-09-10 03:22:38.430 [main] INFO  o.s.boot.web.embedded.tomcat.TomcatWebServer - Tomcat initialized with port(s): 8080 (http)
2023-09-10 03:22:38.631 [main] INFO  org.apache.coyote.http11.Http11NioProtocol - Initializing ProtocolHandler ["http-nio-8080"]
2023-09-10 03:22:38.654 [main] INFO  org.apache.catalina.core.StandardService - Starting service [Tomcat]
2023-09-10 03:22:38.655 [main] INFO  org.apache.catalina.core.StandardEngine - Starting Servlet engine: [Apache Tomcat/9.0.46]
2023-09-10 03:22:39.270 [main] INFO  o.a.c.core.ContainerBase.[Tomcat].[localhost].[/] - Initializing Spring embedded WebApplicationContext
2023-09-10 03:22:39.271 [main] INFO  o.s.b.w.s.c.ServletWebServerApplicationContext - Root WebApplicationContext: initialization completed in 3565 ms
2023-09-10 03:22:39.615 [main] INFO  o.s.scheduling.concurrent.ThreadPoolTaskExecutor - Initializing ExecutorService 'applicationTaskExecutor'
2023-09-10 03:22:39.707 [main] INFO  o.s.b.a.web.servlet.WelcomePageHandlerMapping - Adding welcome page template: index
2023-09-10 03:22:39.755 [main] WARN  org.thymeleaf.templatemode.TemplateMode - [THYMELEAF][main] Template Mode 'HTML5' is deprecated. Using Template Mode 'HTML' instead.
2023-09-10 03:22:40.205 [nioEventLoopGroup-2-1] INFO  io.netty.handler.logging.LoggingHandler - [id: 0x970e4f80] REGISTERED
2023-09-10 03:22:40.207 [nioEventLoopGroup-2-1] INFO  io.netty.handler.logging.LoggingHandler - [id: 0x970e4f80] BIND: 0.0.0.0/0.0.0.0:1238
2023-09-10 03:22:40.209 [nioEventLoopGroup-2-1] INFO  io.netty.handler.logging.LoggingHandler - [id: 0x970e4f80, L:/0:0:0:0:0:0:0:0:1238] ACTIVE
2023-09-10 03:22:41.672 [main] INFO  org.apache.coyote.http11.Http11NioProtocol - Starting ProtocolHandler ["http-nio-8080"]
2023-09-10 03:22:41.686 [main] INFO  o.s.boot.web.embedded.tomcat.TomcatWebServer - Tomcat started on port(s): 8080 (http) with context path ''
2023-09-10 03:22:41.751 [main] WARN  org.apache.tomcat.util.modeler.Registry - The MBean registry cannot be disabled because it has already been initialised
2023-09-10 03:22:41.756 [main] INFO  o.s.boot.web.embedded.tomcat.TomcatWebServer - Tomcat initialized with port(s): 8081 (http)
2023-09-10 03:22:41.757 [main] INFO  org.apache.coyote.http11.Http11NioProtocol - Initializing ProtocolHandler ["http-nio-8081"]
2023-09-10 03:22:41.757 [main] INFO  org.apache.catalina.core.StandardService - Starting service [Tomcat]
2023-09-10 03:22:41.757 [main] INFO  org.apache.catalina.core.StandardEngine - Starting Servlet engine: [Apache Tomcat/9.0.46]
2023-09-10 03:22:41.787 [main] INFO  o.a.c.core.ContainerBase.[Tomcat].[localhost].[/] - Initializing Spring embedded WebApplicationContext
2023-09-10 03:22:41.788 [main] INFO  o.s.b.w.s.c.ServletWebServerApplicationContext - Root WebApplicationContext: initialization completed in 99 ms
2023-09-10 03:22:41.802 [main] INFO  o.s.b.actuate.endpoint.web.EndpointLinksResolver - Exposing 18 endpoint(s) beneath base path ''
2023-09-10 03:22:41.844 [main] INFO  org.apache.coyote.http11.Http11NioProtocol - Starting ProtocolHandler ["http-nio-8081"]
2023-09-10 03:22:41.855 [main] INFO  o.s.boot.web.embedded.tomcat.TomcatWebServer - Tomcat started on port(s): 8081 (http) with context path ''
2023-09-10 03:22:41.922 [main] INFO  c.a.s.s.a.s.d.b.BookstoreManagerApplication - Started BookstoreManagerApplication in 10.027 seconds (JVM running for 12.591)
2023-09-10 03:22:48.782 [nioEventLoopGroup-2-1] INFO  io.netty.handler.logging.LoggingHandler - [id: 0x970e4f80, L:/0:0:0:0:0:0:0:0:1238] READ: [id: 0xe2784fb5, L:/0:0:0:0:0:0:0:1:1238 - R:/0:0:0:0:0:0:0:1:59261]
2023-09-10 03:22:48.784 [nioEventLoopGroup-2-1] INFO  io.netty.handler.logging.LoggingHandler - [id: 0x970e4f80, L:/0:0:0:0:0:0:0:0:1238] READ COMPLETE
2023-09-10 03:22:48.785 [nioEventLoopGroup-2-1] INFO  io.netty.handler.logging.LoggingHandler - [id: 0x970e4f80, L:/0:0:0:0:0:0:0:0:1238] READ: [id: 0x7f0c0984, L:/0:0:0:0:0:0:0:1:1238 - R:/0:0:0:0:0:0:0:1:59262]
2023-09-10 03:22:48.786 [nioEventLoopGroup-2-1] INFO  io.netty.handler.logging.LoggingHandler - [id: 0x970e4f80, L:/0:0:0:0:0:0:0:0:1238] READ COMPLETE
2023-09-10 03:25:01.905 [nioEventLoopGroup-2-1] INFO  io.netty.handler.logging.LoggingHandler - [id: 0x970e4f80, L:/0:0:0:0:0:0:0:0:1238] READ: [id: 0x59da4126, L:/0:0:0:0:0:0:0:1:1238 - R:/0:0:0:0:0:0:0:1:59306]
2023-09-10 03:25:01.918 [nioEventLoopGroup-2-1] INFO  io.netty.handler.logging.LoggingHandler - [id: 0x970e4f80, L:/0:0:0:0:0:0:0:0:1238] READ COMPLETE
2023-09-10 03:25:01.919 [nioEventLoopGroup-2-1] INFO  io.netty.handler.logging.LoggingHandler - [id: 0x970e4f80, L:/0:0:0:0:0:0:0:0:1238] READ: [id: 0xe26e6745, L:/0:0:0:0:0:0:0:1:1238 - R:/0:0:0:0:0:0:0:1:59307]
2023-09-10 03:25:01.919 [nioEventLoopGroup-2-1] INFO  io.netty.handler.logging.LoggingHandler - [id: 0x970e4f80, L:/0:0:0:0:0:0:0:0:1238] READ COMPLETE
2023-09-10 03:25:52.002 [nioEventLoopGroup-2-1] INFO  io.netty.handler.logging.LoggingHandler - [id: 0x970e4f80, L:/0:0:0:0:0:0:0:0:1238] CLOSE
2023-09-10 03:25:52.003 [nioEventLoopGroup-2-1] INFO  io.netty.handler.logging.LoggingHandler - [id: 0x970e4f80, L:/0:0:0:0:0:0:0:0:1238] INACTIVE
2023-09-10 03:25:52.003 [nioEventLoopGroup-2-1] INFO  io.netty.handler.logging.LoggingHandler - [id: 0x970e4f80, L:/0:0:0:0:0:0:0:0:1238] UNREGISTERED
2023-09-10 03:25:52.392 [SpringContextShutdownHook] INFO  o.s.scheduling.concurrent.ThreadPoolTaskExecutor - Shutting down ExecutorService 'applicationTaskExecutor'
2023-09-10 03:26:07.096 [main] INFO  c.a.s.s.a.s.d.b.BookstoreManagerApplication - Starting BookstoreManagerApplication on DESKTOP-EQ2LQMG with PID 15224 (D:\undergraduate\sofa-ark\arklet-springboot-demo\bookstore-manager\target\classes started by Administrator in D:\undergraduate\sofa-ark\arklet-springboot-demo)
2023-09-10 03:26:07.097 [main] INFO  c.a.s.s.a.s.d.b.BookstoreManagerApplication - No active profile set, falling back to default profiles: default
2023-09-10 03:26:09.325 [main] WARN  org.apache.catalina.core.StandardContext - A context path must either be an empty string or start with a '/' and do not end with a '/'. The path [/] does not meet these criteria and has been changed to []
2023-09-10 03:26:09.346 [main] INFO  o.s.boot.web.embedded.tomcat.TomcatWebServer - Tomcat initialized with port(s): 8080 (http)
2023-09-10 03:26:09.477 [main] INFO  org.apache.coyote.http11.Http11NioProtocol - Initializing ProtocolHandler ["http-nio-8080"]
2023-09-10 03:26:09.489 [main] INFO  org.apache.catalina.core.StandardService - Starting service [Tomcat]
2023-09-10 03:26:09.489 [main] INFO  org.apache.catalina.core.StandardEngine - Starting Servlet engine: [Apache Tomcat/9.0.46]
2023-09-10 03:26:09.733 [main] INFO  o.a.c.core.ContainerBase.[Tomcat].[localhost].[/] - Initializing Spring embedded WebApplicationContext
2023-09-10 03:26:09.734 [main] INFO  o.s.b.w.s.c.ServletWebServerApplicationContext - Root WebApplicationContext: initialization completed in 2570 ms
2023-09-10 03:26:10.224 [main] INFO  o.s.scheduling.concurrent.ThreadPoolTaskExecutor - Initializing ExecutorService 'applicationTaskExecutor'
2023-09-10 03:26:10.458 [main] INFO  o.s.b.a.web.servlet.WelcomePageHandlerMapping - Adding welcome page template: index
2023-09-10 03:26:10.530 [main] WARN  org.thymeleaf.templatemode.TemplateMode - [THYMELEAF][main] Template Mode 'HTML5' is deprecated. Using Template Mode 'HTML' instead.
2023-09-10 03:26:11.056 [nioEventLoopGroup-2-1] INFO  io.netty.handler.logging.LoggingHandler - [id: 0x9518fcec] REGISTERED
2023-09-10 03:26:11.058 [nioEventLoopGroup-2-1] INFO  io.netty.handler.logging.LoggingHandler - [id: 0x9518fcec] BIND: 0.0.0.0/0.0.0.0:1238
2023-09-10 03:26:11.061 [nioEventLoopGroup-2-1] INFO  io.netty.handler.logging.LoggingHandler - [id: 0x9518fcec, L:/0:0:0:0:0:0:0:0:1238] ACTIVE
2023-09-10 03:26:12.370 [main] INFO  org.apache.coyote.http11.Http11NioProtocol - Starting ProtocolHandler ["http-nio-8080"]
2023-09-10 03:26:12.385 [main] INFO  o.s.boot.web.embedded.tomcat.TomcatWebServer - Tomcat started on port(s): 8080 (http) with context path ''
2023-09-10 03:26:12.455 [main] WARN  org.apache.tomcat.util.modeler.Registry - The MBean registry cannot be disabled because it has already been initialised
2023-09-10 03:26:12.462 [main] INFO  o.s.boot.web.embedded.tomcat.TomcatWebServer - Tomcat initialized with port(s): 8081 (http)
2023-09-10 03:26:12.463 [main] INFO  org.apache.coyote.http11.Http11NioProtocol - Initializing ProtocolHandler ["http-nio-8081"]
2023-09-10 03:26:12.463 [main] INFO  org.apache.catalina.core.StandardService - Starting service [Tomcat]
2023-09-10 03:26:12.464 [main] INFO  org.apache.catalina.core.StandardEngine - Starting Servlet engine: [Apache Tomcat/9.0.46]
2023-09-10 03:26:12.491 [main] INFO  o.a.c.core.ContainerBase.[Tomcat].[localhost].[/] - Initializing Spring embedded WebApplicationContext
2023-09-10 03:26:12.491 [main] INFO  o.s.b.w.s.c.ServletWebServerApplicationContext - Root WebApplicationContext: initialization completed in 103 ms
2023-09-10 03:26:12.505 [main] INFO  o.s.b.actuate.endpoint.web.EndpointLinksResolver - Exposing 18 endpoint(s) beneath base path ''
2023-09-10 03:26:12.548 [main] INFO  org.apache.coyote.http11.Http11NioProtocol - Starting ProtocolHandler ["http-nio-8081"]
2023-09-10 03:26:12.560 [main] INFO  o.s.boot.web.embedded.tomcat.TomcatWebServer - Tomcat started on port(s): 8081 (http) with context path ''
2023-09-10 03:26:12.637 [main] INFO  c.a.s.s.a.s.d.b.BookstoreManagerApplication - Started BookstoreManagerApplication in 10.1 seconds (JVM running for 13.423)
2023-09-10 03:26:23.362 [nioEventLoopGroup-2-1] INFO  io.netty.handler.logging.LoggingHandler - [id: 0x9518fcec, L:/0:0:0:0:0:0:0:0:1238] READ: [id: 0xbed756f8, L:/0:0:0:0:0:0:0:1:1238 - R:/0:0:0:0:0:0:0:1:59373]
2023-09-10 03:26:23.364 [nioEventLoopGroup-2-1] INFO  io.netty.handler.logging.LoggingHandler - [id: 0x9518fcec, L:/0:0:0:0:0:0:0:0:1238] READ COMPLETE
2023-09-10 03:26:23.366 [nioEventLoopGroup-2-1] INFO  io.netty.handler.logging.LoggingHandler - [id: 0x9518fcec, L:/0:0:0:0:0:0:0:0:1238] READ: [id: 0x98b297b4, L:/0:0:0:0:0:0:0:1:1238 - R:/0:0:0:0:0:0:0:1:59374]
2023-09-10 03:26:23.366 [nioEventLoopGroup-2-1] INFO  io.netty.handler.logging.LoggingHandler - [id: 0x9518fcec, L:/0:0:0:0:0:0:0:0:1238] READ COMPLETE
2023-09-10 03:27:03.756 [nioEventLoopGroup-2-1] INFO  io.netty.handler.logging.LoggingHandler - [id: 0x9518fcec, L:/0:0:0:0:0:0:0:0:1238] CLOSE
2023-09-10 03:27:03.756 [nioEventLoopGroup-2-1] INFO  io.netty.handler.logging.LoggingHandler - [id: 0x9518fcec, L:/0:0:0:0:0:0:0:0:1238] INACTIVE
2023-09-10 03:27:03.756 [nioEventLoopGroup-2-1] INFO  io.netty.handler.logging.LoggingHandler - [id: 0x9518fcec, L:/0:0:0:0:0:0:0:0:1238] UNREGISTERED
2023-09-10 03:27:03.929 [SpringContextShutdownHook] INFO  o.s.scheduling.concurrent.ThreadPoolTaskExecutor - Shutting down ExecutorService 'applicationTaskExecutor'
2023-09-10 03:27:14.695 [main] INFO  c.a.s.s.a.s.d.b.BookstoreManagerApplication - Starting BookstoreManagerApplication on DESKTOP-EQ2LQMG with PID 7732 (D:\undergraduate\sofa-ark\arklet-springboot-demo\bookstore-manager\target\classes started by Administrator in D:\undergraduate\sofa-ark\arklet-springboot-demo)
2023-09-10 03:27:14.695 [main] INFO  c.a.s.s.a.s.d.b.BookstoreManagerApplication - No active profile set, falling back to default profiles: default
2023-09-10 03:27:16.526 [main] WARN  org.apache.catalina.core.StandardContext - A context path must either be an empty string or start with a '/' and do not end with a '/'. The path [/] does not meet these criteria and has been changed to []
2023-09-10 03:27:16.549 [main] INFO  o.s.boot.web.embedded.tomcat.TomcatWebServer - Tomcat initialized with port(s): 8080 (http)
2023-09-10 03:27:16.705 [main] INFO  org.apache.coyote.http11.Http11NioProtocol - Initializing ProtocolHandler ["http-nio-8080"]
2023-09-10 03:27:16.732 [main] INFO  org.apache.catalina.core.StandardService - Starting service [Tomcat]
2023-09-10 03:27:16.733 [main] INFO  org.apache.catalina.core.StandardEngine - Starting Servlet engine: [Apache Tomcat/9.0.46]
2023-09-10 03:27:16.955 [main] INFO  o.a.c.core.ContainerBase.[Tomcat].[localhost].[/] - Initializing Spring embedded WebApplicationContext
2023-09-10 03:27:16.955 [main] INFO  o.s.b.w.s.c.ServletWebServerApplicationContext - Root WebApplicationContext: initialization completed in 2215 ms
2023-09-10 03:27:17.263 [main] INFO  o.s.scheduling.concurrent.ThreadPoolTaskExecutor - Initializing ExecutorService 'applicationTaskExecutor'
2023-09-10 03:27:17.343 [main] INFO  o.s.b.a.web.servlet.WelcomePageHandlerMapping - Adding welcome page template: index
2023-09-10 03:27:17.396 [main] WARN  org.thymeleaf.templatemode.TemplateMode - [THYMELEAF][main] Template Mode 'HTML5' is deprecated. Using Template Mode 'HTML' instead.
2023-09-10 03:27:17.841 [nioEventLoopGroup-2-1] INFO  io.netty.handler.logging.LoggingHandler - [id: 0x3ff55068] REGISTERED
2023-09-10 03:27:17.844 [nioEventLoopGroup-2-1] INFO  io.netty.handler.logging.LoggingHandler - [id: 0x3ff55068] BIND: 0.0.0.0/0.0.0.0:1238
2023-09-10 03:27:17.846 [nioEventLoopGroup-2-1] INFO  io.netty.handler.logging.LoggingHandler - [id: 0x3ff55068, L:/0:0:0:0:0:0:0:0:1238] ACTIVE
2023-09-10 03:27:19.068 [main] INFO  org.apache.coyote.http11.Http11NioProtocol - Starting ProtocolHandler ["http-nio-8080"]
2023-09-10 03:27:19.087 [main] INFO  o.s.boot.web.embedded.tomcat.TomcatWebServer - Tomcat started on port(s): 8080 (http) with context path ''
2023-09-10 03:27:19.159 [main] WARN  org.apache.tomcat.util.modeler.Registry - The MBean registry cannot be disabled because it has already been initialised
2023-09-10 03:27:19.164 [main] INFO  o.s.boot.web.embedded.tomcat.TomcatWebServer - Tomcat initialized with port(s): 8081 (http)
2023-09-10 03:27:19.165 [main] INFO  org.apache.coyote.http11.Http11NioProtocol - Initializing ProtocolHandler ["http-nio-8081"]
2023-09-10 03:27:19.166 [main] INFO  org.apache.catalina.core.StandardService - Starting service [Tomcat]
2023-09-10 03:27:19.166 [main] INFO  org.apache.catalina.core.StandardEngine - Starting Servlet engine: [Apache Tomcat/9.0.46]
2023-09-10 03:27:19.206 [main] INFO  o.a.c.core.ContainerBase.[Tomcat].[localhost].[/] - Initializing Spring embedded WebApplicationContext
2023-09-10 03:27:19.206 [main] INFO  o.s.b.w.s.c.ServletWebServerApplicationContext - Root WebApplicationContext: initialization completed in 114 ms
2023-09-10 03:27:19.220 [main] INFO  o.s.b.actuate.endpoint.web.EndpointLinksResolver - Exposing 18 endpoint(s) beneath base path ''
2023-09-10 03:27:19.261 [main] INFO  org.apache.coyote.http11.Http11NioProtocol - Starting ProtocolHandler ["http-nio-8081"]
2023-09-10 03:27:19.272 [main] INFO  o.s.boot.web.embedded.tomcat.TomcatWebServer - Tomcat started on port(s): 8081 (http) with context path ''
2023-09-10 03:27:19.333 [main] INFO  c.a.s.s.a.s.d.b.BookstoreManagerApplication - Started BookstoreManagerApplication in 8.12 seconds (JVM running for 10.438)
2023-09-10 03:27:26.640 [nioEventLoopGroup-2-1] INFO  io.netty.handler.logging.LoggingHandler - [id: 0x3ff55068, L:/0:0:0:0:0:0:0:0:1238] READ: [id: 0x04caae41, L:/0:0:0:0:0:0:0:1:1238 - R:/0:0:0:0:0:0:0:1:59431]
2023-09-10 03:27:26.641 [nioEventLoopGroup-2-1] INFO  io.netty.handler.logging.LoggingHandler - [id: 0x3ff55068, L:/0:0:0:0:0:0:0:0:1238] READ COMPLETE
2023-09-10 03:27:26.642 [nioEventLoopGroup-2-1] INFO  io.netty.handler.logging.LoggingHandler - [id: 0x3ff55068, L:/0:0:0:0:0:0:0:0:1238] READ: [id: 0x38b8f845, L:/0:0:0:0:0:0:0:1:1238 - R:/0:0:0:0:0:0:0:1:59432]
2023-09-10 03:27:26.642 [nioEventLoopGroup-2-1] INFO  io.netty.handler.logging.LoggingHandler - [id: 0x3ff55068, L:/0:0:0:0:0:0:0:0:1238] READ COMPLETE
2023-09-10 03:27:29.454 [nioEventLoopGroup-2-1] INFO  io.netty.handler.logging.LoggingHandler - [id: 0x3ff55068, L:/0:0:0:0:0:0:0:0:1238] READ: [id: 0xe31f6e92, L:/0:0:0:0:0:0:0:1:1238 - R:/0:0:0:0:0:0:0:1:59435]
2023-09-10 03:27:29.454 [nioEventLoopGroup-2-1] INFO  io.netty.handler.logging.LoggingHandler - [id: 0x3ff55068, L:/0:0:0:0:0:0:0:0:1238] READ COMPLETE
2023-09-10 03:27:29.456 [nioEventLoopGroup-2-1] INFO  io.netty.handler.logging.LoggingHandler - [id: 0x3ff55068, L:/0:0:0:0:0:0:0:0:1238] READ: [id: 0x3569b436, L:/0:0:0:0:0:0:0:1:1238 - R:/0:0:0:0:0:0:0:1:59436]
2023-09-10 03:27:29.456 [nioEventLoopGroup-2-1] INFO  io.netty.handler.logging.LoggingHandler - [id: 0x3ff55068, L:/0:0:0:0:0:0:0:0:1238] READ COMPLETE
2023-09-10 03:27:42.579 [nioEventLoopGroup-2-1] INFO  io.netty.handler.logging.LoggingHandler - [id: 0x3ff55068, L:/0:0:0:0:0:0:0:0:1238] READ: [id: 0xe5511803, L:/0:0:0:0:0:0:0:1:1238 - R:/0:0:0:0:0:0:0:1:59447]
2023-09-10 03:27:42.579 [nioEventLoopGroup-2-1] INFO  io.netty.handler.logging.LoggingHandler - [id: 0x3ff55068, L:/0:0:0:0:0:0:0:0:1238] READ COMPLETE
2023-09-10 03:27:42.580 [nioEventLoopGroup-2-1] INFO  io.netty.handler.logging.LoggingHandler - [id: 0x3ff55068, L:/0:0:0:0:0:0:0:0:1238] READ: [id: 0x3a967bf8, L:/0:0:0:0:0:0:0:1:1238 - R:/0:0:0:0:0:0:0:1:59448]
2023-09-10 03:27:42.581 [nioEventLoopGroup-2-1] INFO  io.netty.handler.logging.LoggingHandler - [id: 0x3ff55068, L:/0:0:0:0:0:0:0:0:1238] READ COMPLETE
2023-09-10 03:29:46.986 [nioEventLoopGroup-2-1] INFO  io.netty.handler.logging.LoggingHandler - [id: 0x3ff55068, L:/0:0:0:0:0:0:0:0:1238] READ: [id: 0xdd109016, L:/0:0:0:0:0:0:0:1:1238 - R:/0:0:0:0:0:0:0:1:59475]
2023-09-10 03:29:46.988 [nioEventLoopGroup-2-1] INFO  io.netty.handler.logging.LoggingHandler - [id: 0x3ff55068, L:/0:0:0:0:0:0:0:0:1238] READ COMPLETE
2023-09-10 03:29:46.989 [nioEventLoopGroup-2-1] INFO  io.netty.handler.logging.LoggingHandler - [id: 0x3ff55068, L:/0:0:0:0:0:0:0:0:1238] READ: [id: 0x6ca9131c, L:/0:0:0:0:0:0:0:1:1238 - R:/0:0:0:0:0:0:0:1:59476]
2023-09-10 03:29:46.990 [nioEventLoopGroup-2-1] INFO  io.netty.handler.logging.LoggingHandler - [id: 0x3ff55068, L:/0:0:0:0:0:0:0:0:1238] READ COMPLETE
2023-09-10 03:41:05.476 [http-nio-8081-exec-2] INFO  o.a.c.core.ContainerBase.[Tomcat].[localhost].[/] - Initializing Spring DispatcherServlet 'dispatcherServlet'
2023-09-10 03:41:05.479 [http-nio-8081-exec-2] INFO  org.springframework.web.servlet.DispatcherServlet - Initializing Servlet 'dispatcherServlet'
2023-09-10 03:41:05.570 [http-nio-8081-exec-2] INFO  org.springframework.web.servlet.DispatcherServlet - Completed initialization in 91 ms
2023-09-10 04:22:04.228 [nioEventLoopGroup-2-1] INFO  io.netty.handler.logging.LoggingHandler - [id: 0x3ff55068, L:/0:0:0:0:0:0:0:0:1238] READ: [id: 0xd6132a7e, L:/0:0:0:0:0:0:0:1:1238 - R:/0:0:0:0:0:0:0:1:15225]
2023-09-10 04:22:04.253 [nioEventLoopGroup-2-1] INFO  io.netty.handler.logging.LoggingHandler - [id: 0x3ff55068, L:/0:0:0:0:0:0:0:0:1238] READ COMPLETE
2023-09-10 04:22:04.255 [nioEventLoopGroup-2-1] INFO  io.netty.handler.logging.LoggingHandler - [id: 0x3ff55068, L:/0:0:0:0:0:0:0:0:1238] READ: [id: 0x47fe3a71, L:/0:0:0:0:0:0:0:1:1238 - R:/0:0:0:0:0:0:0:1:15226]
2023-09-10 04:22:04.256 [nioEventLoopGroup-2-1] INFO  io.netty.handler.logging.LoggingHandler - [id: 0x3ff55068, L:/0:0:0:0:0:0:0:0:1238] READ COMPLETE
2023-09-10 04:40:37.384 [nioEventLoopGroup-2-1] INFO  io.netty.handler.logging.LoggingHandler - [id: 0x3ff55068, L:/0:0:0:0:0:0:0:0:1238] READ: [id: 0x6ad9cce3, L:/0:0:0:0:0:0:0:1:1238 - R:/0:0:0:0:0:0:0:1:15982]
2023-09-10 04:40:37.387 [nioEventLoopGroup-2-1] INFO  io.netty.handler.logging.LoggingHandler - [id: 0x3ff55068, L:/0:0:0:0:0:0:0:0:1238] READ COMPLETE
2023-09-10 04:40:37.388 [nioEventLoopGroup-2-1] INFO  io.netty.handler.logging.LoggingHandler - [id: 0x3ff55068, L:/0:0:0:0:0:0:0:0:1238] READ: [id: 0x02ab3dad, L:/0:0:0:0:0:0:0:1:1238 - R:/0:0:0:0:0:0:0:1:15983]
2023-09-10 04:40:37.389 [nioEventLoopGroup-2-1] INFO  io.netty.handler.logging.LoggingHandler - [id: 0x3ff55068, L:/0:0:0:0:0:0:0:0:1238] READ COMPLETE
2023-09-10 04:43:23.193 [nioEventLoopGroup-2-1] INFO  io.netty.handler.logging.LoggingHandler - [id: 0x3ff55068, L:/0:0:0:0:0:0:0:0:1238] READ: [id: 0xb1851033, L:/0:0:0:0:0:0:0:1:1238 - R:/0:0:0:0:0:0:0:1:16066]
2023-09-10 04:43:23.196 [nioEventLoopGroup-2-1] INFO  io.netty.handler.logging.LoggingHandler - [id: 0x3ff55068, L:/0:0:0:0:0:0:0:0:1238] READ COMPLETE
2023-09-10 04:43:23.197 [nioEventLoopGroup-2-1] INFO  io.netty.handler.logging.LoggingHandler - [id: 0x3ff55068, L:/0:0:0:0:0:0:0:0:1238] READ: [id: 0x465161ef, L:/0:0:0:0:0:0:0:1:1238 - R:/0:0:0:0:0:0:0:1:16067]
2023-09-10 04:43:23.197 [nioEventLoopGroup-2-1] INFO  io.netty.handler.logging.LoggingHandler - [id: 0x3ff55068, L:/0:0:0:0:0:0:0:0:1238] READ COMPLETE
2023-09-10 04:44:03.409 [nioEventLoopGroup-2-1] INFO  io.netty.handler.logging.LoggingHandler - [id: 0x3ff55068, L:/0:0:0:0:0:0:0:0:1238] READ: [id: 0x4f6257aa, L:/0:0:0:0:0:0:0:1:1238 - R:/0:0:0:0:0:0:0:1:16082]
2023-09-10 04:44:03.410 [nioEventLoopGroup-2-1] INFO  io.netty.handler.logging.LoggingHandler - [id: 0x3ff55068, L:/0:0:0:0:0:0:0:0:1238] READ COMPLETE
2023-09-10 04:44:03.412 [nioEventLoopGroup-2-1] INFO  io.netty.handler.logging.LoggingHandler - [id: 0x3ff55068, L:/0:0:0:0:0:0:0:0:1238] READ: [id: 0xbddfab32, L:/0:0:0:0:0:0:0:1:1238 - R:/0:0:0:0:0:0:0:1:16083]
2023-09-10 04:44:03.413 [nioEventLoopGroup-2-1] INFO  io.netty.handler.logging.LoggingHandler - [id: 0x3ff55068, L:/0:0:0:0:0:0:0:0:1238] READ COMPLETE
2023-09-10 04:54:19.499 [nioEventLoopGroup-2-1] INFO  io.netty.handler.logging.LoggingHandler - [id: 0x3ff55068, L:/0:0:0:0:0:0:0:0:1238] CLOSE
2023-09-10 04:54:19.507 [nioEventLoopGroup-2-1] INFO  io.netty.handler.logging.LoggingHandler - [id: 0x3ff55068, L:/0:0:0:0:0:0:0:0:1238] INACTIVE
2023-09-10 04:54:19.509 [nioEventLoopGroup-2-1] INFO  io.netty.handler.logging.LoggingHandler - [id: 0x3ff55068, L:/0:0:0:0:0:0:0:0:1238] UNREGISTERED
2023-09-10 04:54:20.037 [SpringContextShutdownHook] INFO  o.s.scheduling.concurrent.ThreadPoolTaskExecutor - Shutting down ExecutorService 'applicationTaskExecutor'
